#
# A fatal error has been detected by the Java Runtime Environment:
#
#  EXCEPTION_ACCESS_VIOLATION (0xc0000005) at pc=0x00007ff9c558c044, pid=8376, tid=11464
#
# JRE version: OpenJDK Runtime Environment Temurin-17.0.5+8 (17.0.5+8) (build 17.0.5+8)
# Java VM: OpenJDK 64-Bit Server VM Temurin-17.0.5+8 (17.0.5+8, mixed mode, tiered, compressed oops, compressed class ptrs, parallel gc, windows-amd64)
# Problematic frame:
# V  [jvm.dll+0x2ac044]
#
# No core dump will be written. Minidumps are not enabled by default on client versions of Windows
#
# If you would like to submit a bug report, please visit:
#   https://github.com/adoptium/adoptium-support/issues
#

---------------  S U M M A R Y ------------

Command Line: --add-modules=ALL-SYSTEM --add-opens=java.base/java.util=ALL-UNNAMED --add-opens=java.base/java.lang=ALL-UNNAMED --add-opens=java.base/sun.nio.fs=ALL-UNNAMED -Declipse.application=org.eclipse.jdt.ls.core.id1 -Dosgi.bundles.defaultStartLevel=4 -Declipse.product=org.eclipse.jdt.ls.core.product -Djava.import.generatesMetadataFilesAtProjectRoot=false -Dfile.encoding=utf8 -XX:+UseParallelGC -XX:GCTimeRatio=4 -XX:AdaptiveSizePolicyWeight=90 -Dsun.zip.disableMemoryMapping=true -Xmx1G -Xms100m -Xlog:disable -javaagent:c:\Users\filip\.vscode\extensions\redhat.java-1.13.0-win32-x64\lombok\lombok-1.18.24.jar -XX:+HeapDumpOnOutOfMemoryError -XX:HeapDumpPath=c:\Users\filip\AppData\Roaming\Code\User\workspaceStorage\46f86459f645c8efa96c7ae35fc631e3\redhat.java c:\Users\filip\.vscode\extensions\redhat.java-1.13.0-win32-x64\server\plugins\org.eclipse.equinox.launcher_1.6.400.v20210924-0641.jar -configuration c:\Users\filip\AppData\Roaming\Code\User\globalStorage\redhat.java\1.13.0\config_win -data c:\Users\filip\AppData\Roaming\Code\User\workspaceStorage\46f86459f645c8efa96c7ae35fc631e3\redhat.java\jdt_ws

Host: AMD Ryzen 5 1600X Six-Core Processor           , 12 cores, 7G,  Windows 10 , 64 bit Build 19041 (10.0.19041.2251)
Time: Wed Dec 28 10:06:22 2022 Hora Padrão de Buenos Aires elapsed time: 646.798271 seconds (0d 0h 10m 46s)

---------------  T H R E A D  ---------------

Current thread (0x000002a932a2e290):  JavaThread "C2 CompilerThread1" daemon [_thread_in_native, id=11464, stack(0x000000dbb2400000,0x000000dbb2500000)]


Current CompileTask:
C2: 646798 14570       4       org.eclipse.jdt.core.dom.TypeDeclaration::internalResolveBinding (12 bytes)

Stack: [0x000000dbb2400000,0x000000dbb2500000],  sp=0x000000dbb24fa9e0,  free space=1002k
Native frames: (J=compiled Java code, j=interpreted, Vv=VM code, C=native code)
V  [jvm.dll+0x2ac044]
V  [jvm.dll+0x57d517]
V  [jvm.dll+0x21fd72]
V  [jvm.dll+0x219652]
V  [jvm.dll+0x216e6b]
V  [jvm.dll+0x1a343d]
V  [jvm.dll+0x22698a]
V  [jvm.dll+0x224ac5]
V  [jvm.dll+0x7e727b]
V  [jvm.dll+0x7e17ea]
V  [jvm.dll+0x6759e5]
C  [ucrtbase.dll+0x21bb2]
C  [KERNEL32.DLL+0x174b4]
C  [ntdll.dll+0x526a1]


siginfo: EXCEPTION_ACCESS_VIOLATION (0xc0000005), reading address 0xffffffffffffffff


Register to memory mapping:

RIP=0x00007ff9c558c044 jvm.dll
RAX=0x000002a93002b108 points into unknown readable memory: 0x000002a93002b0c8 | c8 b0 02 30 a9 02 00 00
RBX=0x0 is NULL
RCX=0x000002a93236b320 points into unknown readable memory: 0x0000000000000000 | 00 00 00 00 00 00 00 00
RDX=0x000002a93237bd60 points into unknown readable memory: 0x000002a93002b0c8 | c8 b0 02 30 a9 02 00 00
RSP=0x000000dbb24fa9e0 is pointing into the stack for thread: 0x000002a932a2e290
RBP=0x0000000000000001 is an unknown value
RSI=0x000000dbb24fae20 is pointing into the stack for thread: 0x000002a932a2e290
RDI=0x0000000000000003 is an unknown value
R8 =0x000002a93236b320 points into unknown readable memory: 0x0000000000000000 | 00 00 00 00 00 00 00 00
R9 =0x000002a93237bf40 points into unknown readable memory: 0x000002a934206f68 | 68 6f 20 34 a9 02 00 00
R10=0x0000000000000004 is an unknown value
R11=0x000002a93237bd10 points into unknown readable memory: 0x000002a93002cc90 | 90 cc 02 30 a9 02 00 00
R12=0x000002a93237bd60 points into unknown readable memory: 0x000002a93002b0c8 | c8 b0 02 30 a9 02 00 00
R13=0x0 is NULL
R14=0x000002a9324715d0 points into unknown readable memory: 0xffffffff00000001 | 01 00 00 00 ff ff ff ff
R15=0x000002a93002b0c8 points into unknown readable memory: 0x00007ff9c5bf34d0 | d0 34 bf c5 f9 7f 00 00


Registers:
RAX=0x000002a93002b108, RBX=0x0000000000000000, RCX=0x000002a93236b320, RDX=0x000002a93237bd60
RSP=0x000000dbb24fa9e0, RBP=0x0000000000000001, RSI=0x000000dbb24fae20, RDI=0x0000000000000003
R8 =0x000002a93236b320, R9 =0x000002a93237bf40, R10=0x0000000000000004, R11=0x000002a93237bd10
R12=0x000002a93237bd60, R13=0x0000000000000000, R14=0x000002a9324715d0, R15=0x000002a93002b0c8
RIP=0x00007ff9c558c044, EFLAGS=0x0000000000010202

Top of Stack: (sp=0x000000dbb24fa9e0)
0x000000dbb24fa9e0:   000002a93236b320 000000dbb24faa30
0x000000dbb24fa9f0:   000000dbb24fae20 000002a9324715d0
0x000000dbb24faa00:   000002a9324715d0 000002a92c110220
0x000000dbb24faa10:   000002a92f5ccc80 0000000000058298
0x000000dbb24faa20:   000002a92f5d4120 000002a92f5d4c68
0x000000dbb24faa30:   000000db00000080 000002a932474490
0x000000dbb24faa40:   0000000000000080 000002a92c110220
0x000000dbb24faa50:   000000018176a3f8 0000000000000000
0x000000dbb24faa60:   0000000000000005 0000000000030300
0x000000dbb24faa70:   000002a9150d6fe0 0000000000000000
0x000000dbb24faa80:   000002a9329d6e20 000000dbb24faba0
0x000000dbb24faa90:   000000dbb24fae20 00007ff9c585d517
0x000000dbb24faaa0:   000000dbb24fae20 000002a900000371
0x000000dbb24faab0:   000002a93236b320 0000000000000353
0x000000dbb24faac0:   0000000000000000 0000000000000000
0x000000dbb24faad0:   0000000000008020 0000000000008010 

Instructions: (pc=0x00007ff9c558c044)
0x00007ff9c558bf44:   24 18 48 8b 48 18 8b 41 08 39 42 08 72 ae 49 89
0x00007ff9c558bf54:   50 18 41 8b 44 24 0c 41 01 43 0c 41 8b 44 24 0c
0x00007ff9c558bf64:   03 c0 41 39 43 0c 73 0b 49 8b c0 4d 8b 43 28 49
0x00007ff9c558bf74:   89 43 28 4c 3b c5 74 11 0f 1f 40 00 4d 89 58 20
0x00007ff9c558bf84:   4d 8b 40 28 4c 3b c5 75 f3 49 8b 44 24 10 48 8b
0x00007ff9c558bf94:   58 38 48 85 db 74 71 0f 1f 44 00 00 48 8b 4b 20
0x00007ff9c558bfa4:   48 85 c9 75 06 48 8b 4b 18 eb 43 48 83 79 20 00
0x00007ff9c558bfb4:   74 2a e8 e5 f9 ff ff 4c 8b 43 20 48 8b 53 18 49
0x00007ff9c558bfc4:   8b 48 18 8b 42 08 39 41 08 73 07 48 89 4b 18 48
0x00007ff9c558bfd4:   8b d1 49 8b 48 20 48 89 4b 20 eb 04 48 8b 53 18
0x00007ff9c558bfe4:   48 8b 49 18 8b 42 08 39 41 08 48 0f 43 ca 8b 43
0x00007ff9c558bff4:   08 39 41 08 72 05 49 8b 4c 24 10 48 89 4b 30 48
0x00007ff9c558c004:   8b 5b 38 48 85 db 75 94 80 be b0 09 00 00 00 0f
0x00007ff9c558c014:   85 32 01 00 00 41 8b 47 2c 24 3f 3c 20 0f 85 24
0x00007ff9c558c024:   01 00 00 bd 01 00 00 00 41 39 6f 18 0f 86 0d 01
0x00007ff9c558c034:   00 00 66 66 0f 1f 84 00 00 00 00 00 49 8b 47 08
0x00007ff9c558c044:   8b cd 48 8b 1c c8 48 85 db 75 24 4c 8d 0d 12 dc
0x00007ff9c558c054:   69 00 ba ae 03 00 00 4c 8d 05 16 dc 69 00 48 8d
0x00007ff9c558c064:   0d 77 ea 68 00 e8 32 8b f9 ff e8 3d a6 3c 00 8b
0x00007ff9c558c074:   43 28 3b 46 28 73 11 8b c8 48 8b 46 30 48 83 3c
0x00007ff9c558c084:   c8 00 0f 85 a3 00 00 00 48 8b 9e 88 09 00 00 49
0x00007ff9c558c094:   8b d7 48 8d 8b 88 09 00 00 e8 3e fa 3e 00 48 8d
0x00007ff9c558c0a4:   8b e0 09 00 00 49 8b d7 e8 ef 72 df ff 8b d5 49
0x00007ff9c558c0b4:   8b cf e8 55 6f 3a 00 49 8b 7f 10 41 8b 47 20 4c
0x00007ff9c558c0c4:   8d 34 c7 49 3b fe 73 61 4c 8b ac 24 c0 00 00 00
0x00007ff9c558c0d4:   0f 1f 40 00 0f 1f 84 00 00 00 00 00 48 8b 37 8b
0x00007ff9c558c0e4:   46 2c 83 e0 0f 3c 0c 75 2f 49 8b 9d 88 09 00 00
0x00007ff9c558c0f4:   48 8b d6 48 8d 8b 88 09 00 00 e8 dd f9 3e 00 48
0x00007ff9c558c104:   8d 8b e0 09 00 00 48 8b d6 e8 8e 72 df ff 8b d5
0x00007ff9c558c114:   48 8b ce e8 f4 6e 3a 00 48 83 c7 08 49 3b fe 72
0x00007ff9c558c124:   bb 48 8b b4 24 c0 00 00 00 ff cd ff c5 41 3b 6f
0x00007ff9c558c134:   18 0f 82 05 ff ff ff 4c 8b 74 24 20 45 33 ed 48 


Stack slot to memory mapping:
stack at sp + 0 slots: 0x000002a93236b320 points into unknown readable memory: 0x0000000000000000 | 00 00 00 00 00 00 00 00
stack at sp + 1 slots: 0x000000dbb24faa30 is pointing into the stack for thread: 0x000002a932a2e290
stack at sp + 2 slots: 0x000000dbb24fae20 is pointing into the stack for thread: 0x000002a932a2e290
stack at sp + 3 slots: 0x000002a9324715d0 points into unknown readable memory: 0xffffffff00000001 | 01 00 00 00 ff ff ff ff
stack at sp + 4 slots: 0x000002a9324715d0 points into unknown readable memory: 0xffffffff00000001 | 01 00 00 00 ff ff ff ff
stack at sp + 5 slots: 0x000002a92c110220 points into unknown readable memory: 0x000002a900000006 | 06 00 00 00 a9 02 00 00
stack at sp + 6 slots: 0x000002a92f5ccc80 points into unknown readable memory: 0x000002a93236b310 | 10 b3 36 32 a9 02 00 00
stack at sp + 7 slots: 0x0000000000058298 is an unknown value


---------------  P R O C E S S  ---------------

Threads class SMR info:
_java_thread_list=0x000002a9325ad220, length=42, elements={
0x000002a9150c42f0, 0x000002a928f46620, 0x000002a928f489d0, 0x000002a92aa97160,
0x000002a92aa99b30, 0x000002a92aa9bba0, 0x000002a92aaa0100, 0x000002a92aaa1c30,
0x000002a92aaa2cd0, 0x000002a92aaabda0, 0x000002a92aba4270, 0x000002a92ad78340,
0x000002a92c834440, 0x000002a92c83d300, 0x000002a92c83d7d0, 0x000002a92d65c0c0,
0x000002a92d968ea0, 0x000002a92da7e020, 0x000002a92da7e4f0, 0x000002a92da7e9c0,
0x000002a92da7f830, 0x000002a92da7fd00, 0x000002a92da7d1b0, 0x000002a931436f20,
0x000002a931435240, 0x000002a931438c00, 0x000002a931438730, 0x000002a9314373f0,
0x000002a9314390d0, 0x000002a931434d70, 0x000002a931439f40, 0x000002a92da806a0,
0x000002a92f5b7d00, 0x000002a92f5b51b0, 0x000002a92f5b64f0, 0x000002a92f5bbb90,
0x000002a92f5b5b50, 0x000002a92f5b8b70, 0x000002a92f5b7830, 0x000002a92f5ba380,
0x000002a9314360b0, 0x000002a932a2e290
}

Java Threads: ( => current thread )
  0x000002a9150c42f0 JavaThread "main" [_thread_blocked, id=2356, stack(0x000000dbaf300000,0x000000dbaf400000)]
  0x000002a928f46620 JavaThread "Reference Handler" daemon [_thread_blocked, id=4052, stack(0x000000dbaf600000,0x000000dbaf700000)]
  0x000002a928f489d0 JavaThread "Finalizer" daemon [_thread_blocked, id=9388, stack(0x000000dbaf700000,0x000000dbaf800000)]
  0x000002a92aa97160 JavaThread "Signal Dispatcher" daemon [_thread_blocked, id=11564, stack(0x000000dbaf800000,0x000000dbaf900000)]
  0x000002a92aa99b30 JavaThread "Attach Listener" daemon [_thread_blocked, id=2200, stack(0x000000dbaf900000,0x000000dbafa00000)]
  0x000002a92aa9bba0 JavaThread "Service Thread" daemon [_thread_blocked, id=8836, stack(0x000000dbafa00000,0x000000dbafb00000)]
  0x000002a92aaa0100 JavaThread "Monitor Deflation Thread" daemon [_thread_blocked, id=4804, stack(0x000000dbafb00000,0x000000dbafc00000)]
  0x000002a92aaa1c30 JavaThread "C2 CompilerThread0" daemon [_thread_blocked, id=10612, stack(0x000000dbafc00000,0x000000dbafd00000)]
  0x000002a92aaa2cd0 JavaThread "C1 CompilerThread0" daemon [_thread_blocked, id=4860, stack(0x000000dbafd00000,0x000000dbafe00000)]
  0x000002a92aaabda0 JavaThread "Sweeper thread" daemon [_thread_blocked, id=11800, stack(0x000000dbafe00000,0x000000dbaff00000)]
  0x000002a92aba4270 JavaThread "Common-Cleaner" daemon [_thread_blocked, id=8908, stack(0x000000dbaff00000,0x000000dbb0000000)]
  0x000002a92ad78340 JavaThread "Notification Thread" daemon [_thread_blocked, id=6248, stack(0x000000dbb0100000,0x000000dbb0200000)]
  0x000002a92c834440 JavaThread "Active Thread: Equinox Container: 7cb437b1-c0ae-4cb9-b17a-a1b8d7aa61d8" [_thread_blocked, id=6012, stack(0x000000dbb0a00000,0x000000dbb0b00000)]
  0x000002a92c83d300 JavaThread "Framework Event Dispatcher: Equinox Container: 7cb437b1-c0ae-4cb9-b17a-a1b8d7aa61d8" daemon [_thread_blocked, id=11796, stack(0x000000dbb0300000,0x000000dbb0400000)]
  0x000002a92c83d7d0 JavaThread "Start Level: Equinox Container: 7cb437b1-c0ae-4cb9-b17a-a1b8d7aa61d8" daemon [_thread_blocked, id=7684, stack(0x000000dbb0b00000,0x000000dbb0c00000)]
  0x000002a92d65c0c0 JavaThread "SCR Component Actor" daemon [_thread_blocked, id=7284, stack(0x000000dbb0c00000,0x000000dbb0d00000)]
  0x000002a92d968ea0 JavaThread "Worker-JM" [_thread_blocked, id=7344, stack(0x000000dbb1000000,0x000000dbb1100000)]
  0x000002a92da7e020 JavaThread "Java indexing" daemon [_thread_blocked, id=9160, stack(0x000000dbb1400000,0x000000dbb1500000)]
  0x000002a92da7e4f0 JavaThread "JNA Cleaner" daemon [_thread_blocked, id=760, stack(0x000000dbb1600000,0x000000dbb1700000)]
  0x000002a92da7e9c0 JavaThread "pool-2-thread-1" [_thread_blocked, id=12220, stack(0x000000dbb1900000,0x000000dbb1a00000)]
  0x000002a92da7f830 JavaThread "pool-1-thread-1" [_thread_in_native, id=9612, stack(0x000000dbb1a00000,0x000000dbb1b00000)]
  0x000002a92da7fd00 JavaThread "Worker-2" [_thread_blocked, id=3284, stack(0x000000dbb1b00000,0x000000dbb1c00000)]
  0x000002a92da7d1b0 JavaThread "ForkJoinPool.commonPool-worker-1" daemon [_thread_blocked, id=12276, stack(0x000000dbb1d00000,0x000000dbb1e00000)]
  0x000002a931436f20 JavaThread "ForkJoinPool.commonPool-worker-3" daemon [_thread_blocked, id=9848, stack(0x000000dbb1f00000,0x000000dbb2000000)]
  0x000002a931435240 JavaThread "ForkJoinPool.commonPool-worker-4" daemon [_thread_blocked, id=11720, stack(0x000000dbb2000000,0x000000dbb2100000)]
  0x000002a931438c00 JavaThread "ForkJoinPool.commonPool-worker-5" daemon [_thread_blocked, id=12192, stack(0x000000dbb2100000,0x000000dbb2200000)]
  0x000002a931438730 JavaThread "Bundle File Closer" daemon [_thread_blocked, id=6848, stack(0x000000dbb2200000,0x000000dbb2300000)]
  0x000002a9314373f0 JavaThread "ForkJoinPool.commonPool-worker-6" daemon [_thread_blocked, id=3212, stack(0x000000dbb0f00000,0x000000dbb1000000)]
  0x000002a9314390d0 JavaThread "ForkJoinPool.commonPool-worker-7" daemon [_thread_blocked, id=7396, stack(0x000000dbb0000000,0x000000dbb0100000)]
  0x000002a931434d70 JavaThread "ForkJoinPool.commonPool-worker-8" daemon [_thread_blocked, id=10448, stack(0x000000dbb1500000,0x000000dbb1600000)]
  0x000002a931439f40 JavaThread "ForkJoinPool.commonPool-worker-11" daemon [_thread_blocked, id=11980, stack(0x000000dbb2600000,0x000000dbb2700000)]
  0x000002a92da806a0 JavaThread "Java Debug Server" daemon [_thread_in_native, id=8224, stack(0x000000dbaf000000,0x000000dbaf100000)]
  0x000002a92f5b7d00 JavaThread "RxSchedulerPurge-1" daemon [_thread_blocked, id=11972, stack(0x000000dbaf200000,0x000000dbaf300000)]
  0x000002a92f5b51b0 JavaThread "RxCachedWorkerPoolEvictor-1" daemon [_thread_blocked, id=6952, stack(0x000000dbb2500000,0x000000dbb2600000)]
  0x000002a92f5b64f0 JavaThread "ForkJoinPool.commonPool-worker-12" daemon [_thread_blocked, id=8372, stack(0x000000dbaf100000,0x000000dbaf200000)]
  0x000002a92f5bbb90 JavaThread "Worker-4" [_thread_blocked, id=8004, stack(0x000000dbb1200000,0x000000dbb1300000)]
  0x000002a92f5b5b50 JavaThread "ForkJoinPool.commonPool-worker-13" daemon [_thread_blocked, id=2056, stack(0x000000dbb1300000,0x000000dbb1400000)]
  0x000002a92f5b8b70 JavaThread "ForkJoinPool.commonPool-worker-14" daemon [_thread_blocked, id=11736, stack(0x000000dbb1700000,0x000000dbb1800000)]
  0x000002a92f5b7830 JavaThread "Worker-5" [_thread_blocked, id=7884, stack(0x000000dbb1800000,0x000000dbb1900000)]
  0x000002a92f5ba380 JavaThread "pool-1-thread-3" [_thread_blocked, id=3460, stack(0x000000dbb2300000,0x000000dbb2400000)]
  0x000002a9314360b0 JavaThread "pool-1-thread-4" [_thread_blocked, id=9428, stack(0x000000dbb2800000,0x000000dbb2900000)]
=>0x000002a932a2e290 JavaThread "C2 CompilerThread1" daemon [_thread_in_native, id=11464, stack(0x000000dbb2400000,0x000000dbb2500000)]

Other Threads:
  0x000002a92aa71fd0 VMThread "VM Thread" [stack: 0x000000dbaf500000,0x000000dbaf600000] [id=7972]
  0x000002a92aca1780 WatcherThread [stack: 0x000000dbb0200000,0x000000dbb0300000] [id=3328]
  0x000002a9150d9020 GCTaskThread "GC Thread#0" [stack: 0x000000dbaf400000,0x000000dbaf500000] [id=3536]
  0x000002a92d732850 GCTaskThread "GC Thread#1" [stack: 0x000000dbb0400000,0x000000dbb0500000] [id=6612]
  0x000002a92d694090 GCTaskThread "GC Thread#2" [stack: 0x000000dbb0500000,0x000000dbb0600000] [id=11616]
  0x000002a92d4a41f0 GCTaskThread "GC Thread#3" [stack: 0x000000dbb0600000,0x000000dbb0700000] [id=5864]
  0x000002a92d4a44a0 GCTaskThread "GC Thread#4" [stack: 0x000000dbb0700000,0x000000dbb0800000] [id=9632]
  0x000002a92d4a4750 GCTaskThread "GC Thread#5" [stack: 0x000000dbb0800000,0x000000dbb0900000] [id=2740]
  0x000002a92d69a460 GCTaskThread "GC Thread#6" [stack: 0x000000dbb0900000,0x000000dbb0a00000] [id=11352]
  0x000002a92d75cf80 GCTaskThread "GC Thread#7" [stack: 0x000000dbb0d00000,0x000000dbb0e00000] [id=8492]
  0x000002a92d75d230 GCTaskThread "GC Thread#8" [stack: 0x000000dbb0e00000,0x000000dbb0f00000] [id=4108]
  0x000002a92d967230 GCTaskThread "GC Thread#9" [stack: 0x000000dbb1100000,0x000000dbb1200000] [id=8824]

Threads with active compile tasks:
C2 CompilerThread1   646839 14570       4       org.eclipse.jdt.core.dom.TypeDeclaration::internalResolveBinding (12 bytes)

VM state: not at safepoint (normal execution)

VM Mutex/Monitor currently owned by a thread: None

Heap address: 0x00000000c0000000, size: 1024 MB, Compressed Oops mode: 32-bit

CDS archive(s) not mapped
Compressed class space mapped at: 0x0000000100000000-0x0000000140000000, reserved size: 1073741824
Narrow klass base: 0x0000000000000000, Narrow klass shift: 3, Narrow klass range: 0x140000000

GC Precious Log:
 CPUs: 12 total, 12 available
 Memory: 8143M
 Large Page Support: Disabled
 NUMA Support: Disabled
 Compressed Oops: Enabled (32-bit)
 Alignments: Space 512K, Generation 512K, Heap 2M
 Heap Min Capacity: 100M
 Heap Initial Capacity: 100M
 Heap Max Capacity: 1G
 Pre-touch: Disabled
 Parallel Workers: 10

Heap:
 PSYoungGen      total 51200K, used 15767K [0x00000000eab00000, 0x00000000ee580000, 0x0000000100000000)
  eden space 47104K, 25% used [0x00000000eab00000,0x00000000eb6dbf58,0x00000000ed900000)
  from space 4096K, 88% used [0x00000000ee180000,0x00000000ee50a000,0x00000000ee580000)
  to   space 4096K, 0% used [0x00000000edd80000,0x00000000edd80000,0x00000000ee180000)
 ParOldGen       total 307200K, used 234545K [0x00000000c0000000, 0x00000000d2c00000, 0x00000000eab00000)
  object space 307200K, 76% used [0x00000000c0000000,0x00000000ce50c458,0x00000000d2c00000)
 Metaspace       used 77959K, committed 79104K, reserved 1122304K
  class space    used 8109K, committed 8576K, reserved 1048576K

Card table byte_map: [0x000002a914aa0000,0x000002a914cb0000] _byte_map_base: 0x000002a9144a0000

Marking Bits: (ParMarkBitMap*) 0x00007ff9c5e60dd0
 Begin Bits: [0x000002a926d50000, 0x000002a927d50000)
 End Bits:   [0x000002a927d50000, 0x000002a928d50000)

Polling page: 0x000002a914890000

Metaspace:

Usage:
  Non-class:     68.21 MB used.
      Class:      7.92 MB used.
       Both:     76.13 MB used.

Virtual space:
  Non-class space:       72.00 MB reserved,      68.88 MB ( 96%) committed,  9 nodes.
      Class space:        1.00 GB reserved,       8.38 MB ( <1%) committed,  1 nodes.
             Both:        1.07 GB reserved,      77.25 MB (  7%) committed. 

Chunk freelists:
   Non-Class:  2.91 MB
       Class:  3.59 MB
        Both:  6.50 MB

MaxMetaspaceSize: unlimited
CompressedClassSpaceSize: 1.00 GB
Initial GC threshold: 21.00 MB
Current GC threshold: 122.75 MB
CDS: off
MetaspaceReclaimPolicy: balanced
 - commit_granule_bytes: 65536.
 - commit_granule_words: 8192.
 - virtual_space_node_default_size: 1048576.
 - enlarge_chunks_in_place: 1.
 - new_chunks_are_fully_committed: 0.
 - uncommit_free_chunks: 1.
 - use_allocation_guard: 0.
 - handle_deallocations: 1.


Internal statistics:

num_allocs_failed_limit: 6.
num_arena_births: 606.
num_arena_deaths: 14.
num_vsnodes_births: 10.
num_vsnodes_deaths: 0.
num_space_committed: 1236.
num_space_uncommitted: 0.
num_chunks_returned_to_freelist: 20.
num_chunks_taken_from_freelist: 3678.
num_chunk_merges: 10.
num_chunk_splits: 2391.
num_chunks_enlarged: 1546.
num_purges: 2.
num_inconsistent_stats: 0.

CodeHeap 'non-profiled nmethods': size=120000Kb used=11308Kb max_used=11308Kb free=108691Kb
 bounds [0x000002a91f820000, 0x000002a920330000, 0x000002a926d50000]
CodeHeap 'profiled nmethods': size=120000Kb used=25958Kb max_used=25958Kb free=94041Kb
 bounds [0x000002a9182f0000, 0x000002a919c60000, 0x000002a91f820000]
CodeHeap 'non-nmethods': size=5760Kb used=1405Kb max_used=1495Kb free=4354Kb
 bounds [0x000002a917d50000, 0x000002a917fc0000, 0x000002a9182f0000]
 total_blobs=12279 nmethods=11522 adapters=669
 compilation: enabled
              stopped_count=0, restarted_count=0
 full_count=0

Compilation events (20 events):
Event: 646.680 Thread 0x000002a92aaa2cd0 14572       1       org.eclipse.jdt.core.dom.ASTVisitor::visit (2 bytes)
Event: 646.680 Thread 0x000002a92aaa2cd0 nmethod 14572 0x000002a920325990 code [0x000002a920325b20, 0x000002a920325bf8]
Event: 646.680 Thread 0x000002a932a2e290 14569       4       org.eclipse.jdt.core.dom.TypeBinding::getKey (30 bytes)
Event: 646.682 Thread 0x000002a92aaa2cd0 14573       3       org.eclipse.jdt.core.dom.ASTVisitor::endVisit (1 bytes)
Event: 646.682 Thread 0x000002a92aaa2cd0 nmethod 14573 0x000002a919c49e10 code [0x000002a919c49fa0, 0x000002a919c4a0b8]
Event: 646.683 Thread 0x000002a92aaa2cd0 14574       3       org.eclipse.jdt.internal.corext.dom.ScopeAnalyzer$ScopeAnalyzerVisitor::visit (19 bytes)
Event: 646.683 Thread 0x000002a92aaa2cd0 nmethod 14574 0x000002a919c4a190 code [0x000002a919c4a340, 0x000002a919c4a618]
Event: 646.684 Thread 0x000002a932a2e290 nmethod 14569 0x000002a920325c90 code [0x000002a920325e20, 0x000002a920326298]
Event: 646.684 Thread 0x000002a932a2e290 14570       4       org.eclipse.jdt.core.dom.TypeDeclaration::internalResolveBinding (12 bytes)
Event: 646.709 Thread 0x000002a92aaa1c30 nmethod 14564 0x000002a920326510 code [0x000002a920326780, 0x000002a9203287d0]
Event: 646.709 Thread 0x000002a92aaa1c30 14576       4       java.lang.Number::<init> (5 bytes)
Event: 646.709 Thread 0x000002a92aaa1c30 nmethod 14576 0x000002a920329d10 code [0x000002a920329e80, 0x000002a920329ef8]
Event: 646.709 Thread 0x000002a92aaa1c30 14575       4       java.lang.Character::digit (10 bytes)
Event: 646.709 Thread 0x000002a92aaa2cd0 14577   !   3       java.math.BigDecimal::<init> (1067 bytes)
Event: 646.710 Thread 0x000002a92aaa1c30 nmethod 14575 0x000002a92032a010 code [0x000002a92032a1a0, 0x000002a92032a2d8]
Event: 646.710 Thread 0x000002a92aaa1c30 14568       4       com.google.gson.internal.LinkedTreeMap::get (19 bytes)
Event: 646.712 Thread 0x000002a92aaa2cd0 nmethod 14577 0x000002a919c4a710 code [0x000002a919c4ad40, 0x000002a919c4e408]
Event: 646.713 Thread 0x000002a92aaa1c30 nmethod 14568 0x000002a92032a410 code [0x000002a92032a5a0, 0x000002a92032aa58]
Event: 646.713 Thread 0x000002a92aaa1c30 14566       4       org.eclipse.jdt.internal.compiler.Compiler::accept (52 bytes)
Event: 646.713 Thread 0x000002a92aaa1c30 nmethod 14566 0x000002a92032ac90 code [0x000002a92032ae20, 0x000002a92032af28]

GC Heap History (20 events):
Event: 605.879 GC heap before
{Heap before GC invocations=102 (full 8):
 PSYoungGen      total 54784K, used 54145K [0x00000000eab00000, 0x00000000eee80000, 0x0000000100000000)
  eden space 53248K, 98% used [0x00000000eab00000,0x00000000ede64638,0x00000000edf00000)
  from space 1536K, 98% used [0x00000000eed00000,0x00000000eee7c000,0x00000000eee80000)
  to   space 7168K, 0% used [0x00000000ee080000,0x00000000ee080000,0x00000000ee780000)
 ParOldGen       total 307200K, used 225780K [0x00000000c0000000, 0x00000000d2c00000, 0x00000000eab00000)
  object space 307200K, 73% used [0x00000000c0000000,0x00000000cdc7d330,0x00000000d2c00000)
 Metaspace       used 77451K, committed 78592K, reserved 1122304K
  class space    used 8104K, committed 8576K, reserved 1048576K
}
Event: 605.883 GC heap after
{Heap after GC invocations=102 (full 8):
 PSYoungGen      total 59392K, used 2816K [0x00000000eab00000, 0x00000000eed80000, 0x0000000100000000)
  eden space 52224K, 0% used [0x00000000eab00000,0x00000000eab00000,0x00000000ede00000)
  from space 7168K, 39% used [0x00000000ee080000,0x00000000ee340010,0x00000000ee780000)
  to   space 4608K, 0% used [0x00000000ee900000,0x00000000ee900000,0x00000000eed80000)
 ParOldGen       total 307200K, used 225788K [0x00000000c0000000, 0x00000000d2c00000, 0x00000000eab00000)
  object space 307200K, 73% used [0x00000000c0000000,0x00000000cdc7f330,0x00000000d2c00000)
 Metaspace       used 77451K, committed 78592K, reserved 1122304K
  class space    used 8104K, committed 8576K, reserved 1048576K
}
Event: 608.744 GC heap before
{Heap before GC invocations=103 (full 8):
 PSYoungGen      total 59392K, used 55040K [0x00000000eab00000, 0x00000000eed80000, 0x0000000100000000)
  eden space 52224K, 100% used [0x00000000eab00000,0x00000000ede00000,0x00000000ede00000)
  from space 7168K, 39% used [0x00000000ee080000,0x00000000ee340010,0x00000000ee780000)
  to   space 4608K, 0% used [0x00000000ee900000,0x00000000ee900000,0x00000000eed80000)
 ParOldGen       total 307200K, used 225788K [0x00000000c0000000, 0x00000000d2c00000, 0x00000000eab00000)
  object space 307200K, 73% used [0x00000000c0000000,0x00000000cdc7f330,0x00000000d2c00000)
 Metaspace       used 77506K, committed 78656K, reserved 1122304K
  class space    used 8104K, committed 8576K, reserved 1048576K
}
Event: 608.746 GC heap after
{Heap after GC invocations=103 (full 8):
 PSYoungGen      total 53760K, used 2352K [0x00000000eab00000, 0x00000000eeb80000, 0x0000000100000000)
  eden space 51200K, 0% used [0x00000000eab00000,0x00000000eab00000,0x00000000edd00000)
  from space 2560K, 91% used [0x00000000ee900000,0x00000000eeb4c000,0x00000000eeb80000)
  to   space 3072K, 0% used [0x00000000ee580000,0x00000000ee580000,0x00000000ee880000)
 ParOldGen       total 307200K, used 225796K [0x00000000c0000000, 0x00000000d2c00000, 0x00000000eab00000)
  object space 307200K, 73% used [0x00000000c0000000,0x00000000cdc81330,0x00000000d2c00000)
 Metaspace       used 77506K, committed 78656K, reserved 1122304K
  class space    used 8104K, committed 8576K, reserved 1048576K
}
Event: 612.872 GC heap before
{Heap before GC invocations=104 (full 8):
 PSYoungGen      total 53760K, used 53551K [0x00000000eab00000, 0x00000000eeb80000, 0x0000000100000000)
  eden space 51200K, 99% used [0x00000000eab00000,0x00000000edcffff8,0x00000000edd00000)
  from space 2560K, 91% used [0x00000000ee900000,0x00000000eeb4c000,0x00000000eeb80000)
  to   space 3072K, 0% used [0x00000000ee580000,0x00000000ee580000,0x00000000ee880000)
 ParOldGen       total 307200K, used 225796K [0x00000000c0000000, 0x00000000d2c00000, 0x00000000eab00000)
  object space 307200K, 73% used [0x00000000c0000000,0x00000000cdc81330,0x00000000d2c00000)
 Metaspace       used 77578K, committed 78784K, reserved 1122304K
  class space    used 8106K, committed 8576K, reserved 1048576K
}
Event: 612.874 GC heap after
{Heap after GC invocations=104 (full 8):
 PSYoungGen      total 53760K, used 2640K [0x00000000eab00000, 0x00000000ee980000, 0x0000000100000000)
  eden space 50688K, 0% used [0x00000000eab00000,0x00000000eab00000,0x00000000edc80000)
  from space 3072K, 85% used [0x00000000ee580000,0x00000000ee814000,0x00000000ee880000)
  to   space 1024K, 0% used [0x00000000ee880000,0x00000000ee880000,0x00000000ee980000)
 ParOldGen       total 307200K, used 225892K [0x00000000c0000000, 0x00000000d2c00000, 0x00000000eab00000)
  object space 307200K, 73% used [0x00000000c0000000,0x00000000cdc99330,0x00000000d2c00000)
 Metaspace       used 77578K, committed 78784K, reserved 1122304K
  class space    used 8106K, committed 8576K, reserved 1048576K
}
Event: 615.590 GC heap before
{Heap before GC invocations=105 (full 8):
 PSYoungGen      total 53760K, used 53328K [0x00000000eab00000, 0x00000000ee980000, 0x0000000100000000)
  eden space 50688K, 100% used [0x00000000eab00000,0x00000000edc80000,0x00000000edc80000)
  from space 3072K, 85% used [0x00000000ee580000,0x00000000ee814000,0x00000000ee880000)
  to   space 1024K, 0% used [0x00000000ee880000,0x00000000ee880000,0x00000000ee980000)
 ParOldGen       total 307200K, used 225892K [0x00000000c0000000, 0x00000000d2c00000, 0x00000000eab00000)
  object space 307200K, 73% used [0x00000000c0000000,0x00000000cdc99330,0x00000000d2c00000)
 Metaspace       used 77609K, committed 78784K, reserved 1122304K
  class space    used 8106K, committed 8576K, reserved 1048576K
}
Event: 615.593 GC heap after
{Heap after GC invocations=105 (full 8):
 PSYoungGen      total 51200K, used 1000K [0x00000000eab00000, 0x00000000ee980000, 0x0000000100000000)
  eden space 50176K, 0% used [0x00000000eab00000,0x00000000eab00000,0x00000000edc00000)
  from space 1024K, 97% used [0x00000000ee880000,0x00000000ee97a000,0x00000000ee980000)
  to   space 4096K, 0% used [0x00000000ee180000,0x00000000ee180000,0x00000000ee580000)
 ParOldGen       total 307200K, used 228513K [0x00000000c0000000, 0x00000000d2c00000, 0x00000000eab00000)
  object space 307200K, 74% used [0x00000000c0000000,0x00000000cdf287e0,0x00000000d2c00000)
 Metaspace       used 77609K, committed 78784K, reserved 1122304K
  class space    used 8106K, committed 8576K, reserved 1048576K
}
Event: 616.822 GC heap before
{Heap before GC invocations=106 (full 8):
 PSYoungGen      total 51200K, used 50203K [0x00000000eab00000, 0x00000000ee980000, 0x0000000100000000)
  eden space 50176K, 98% used [0x00000000eab00000,0x00000000edb0ccf0,0x00000000edc00000)
  from space 1024K, 97% used [0x00000000ee880000,0x00000000ee97a000,0x00000000ee980000)
  to   space 4096K, 0% used [0x00000000ee180000,0x00000000ee180000,0x00000000ee580000)
 ParOldGen       total 307200K, used 228513K [0x00000000c0000000, 0x00000000d2c00000, 0x00000000eab00000)
  object space 307200K, 74% used [0x00000000c0000000,0x00000000cdf287e0,0x00000000d2c00000)
 Metaspace       used 77695K, committed 78848K, reserved 1122304K
  class space    used 8108K, committed 8576K, reserved 1048576K
}
Event: 616.824 GC heap after
{Heap after GC invocations=106 (full 8):
 PSYoungGen      total 53760K, used 1416K [0x00000000eab00000, 0x00000000ee900000, 0x0000000100000000)
  eden space 49664K, 0% used [0x00000000eab00000,0x00000000eab00000,0x00000000edb80000)
  from space 4096K, 34% used [0x00000000ee180000,0x00000000ee2e2000,0x00000000ee580000)
  to   space 2560K, 0% used [0x00000000ee680000,0x00000000ee680000,0x00000000ee900000)
 ParOldGen       total 307200K, used 228537K [0x00000000c0000000, 0x00000000d2c00000, 0x00000000eab00000)
  object space 307200K, 74% used [0x00000000c0000000,0x00000000cdf2e7e0,0x00000000d2c00000)
 Metaspace       used 77695K, committed 78848K, reserved 1122304K
  class space    used 8108K, committed 8576K, reserved 1048576K
}
Event: 618.281 GC heap before
{Heap before GC invocations=107 (full 8):
 PSYoungGen      total 53760K, used 51080K [0x00000000eab00000, 0x00000000ee900000, 0x0000000100000000)
  eden space 49664K, 100% used [0x00000000eab00000,0x00000000edb80000,0x00000000edb80000)
  from space 4096K, 34% used [0x00000000ee180000,0x00000000ee2e2000,0x00000000ee580000)
  to   space 2560K, 0% used [0x00000000ee680000,0x00000000ee680000,0x00000000ee900000)
 ParOldGen       total 307200K, used 228537K [0x00000000c0000000, 0x00000000d2c00000, 0x00000000eab00000)
  object space 307200K, 74% used [0x00000000c0000000,0x00000000cdf2e7e0,0x00000000d2c00000)
 Metaspace       used 77723K, committed 78848K, reserved 1122304K
  class space    used 8108K, committed 8576K, reserved 1048576K
}
Event: 618.282 GC heap after
{Heap after GC invocations=107 (full 8):
 PSYoungGen      total 51200K, used 1752K [0x00000000eab00000, 0x00000000ee880000, 0x0000000100000000)
  eden space 49152K, 0% used [0x00000000eab00000,0x00000000eab00000,0x00000000edb00000)
  from space 2048K, 85% used [0x00000000ee680000,0x00000000ee836010,0x00000000ee880000)
  to   space 2048K, 0% used [0x00000000ee480000,0x00000000ee480000,0x00000000ee680000)
 ParOldGen       total 307200K, used 228537K [0x00000000c0000000, 0x00000000d2c00000, 0x00000000eab00000)
  object space 307200K, 74% used [0x00000000c0000000,0x00000000cdf2e7e0,0x00000000d2c00000)
 Metaspace       used 77723K, committed 78848K, reserved 1122304K
  class space    used 8108K, committed 8576K, reserved 1048576K
}
Event: 622.107 GC heap before
{Heap before GC invocations=108 (full 8):
 PSYoungGen      total 51200K, used 50903K [0x00000000eab00000, 0x00000000ee880000, 0x0000000100000000)
  eden space 49152K, 99% used [0x00000000eab00000,0x00000000edaffec0,0x00000000edb00000)
  from space 2048K, 85% used [0x00000000ee680000,0x00000000ee836010,0x00000000ee880000)
  to   space 2048K, 0% used [0x00000000ee480000,0x00000000ee480000,0x00000000ee680000)
 ParOldGen       total 307200K, used 228537K [0x00000000c0000000, 0x00000000d2c00000, 0x00000000eab00000)
  object space 307200K, 74% used [0x00000000c0000000,0x00000000cdf2e7e0,0x00000000d2c00000)
 Metaspace       used 77795K, committed 78976K, reserved 1122304K
  class space    used 8108K, committed 8576K, reserved 1048576K
}
Event: 622.109 GC heap after
{Heap after GC invocations=108 (full 8):
 PSYoungGen      total 50176K, used 1496K [0x00000000eab00000, 0x00000000ee700000, 0x0000000100000000)
  eden space 48640K, 0% used [0x00000000eab00000,0x00000000eab00000,0x00000000eda80000)
  from space 1536K, 97% used [0x00000000ee480000,0x00000000ee5f6010,0x00000000ee600000)
  to   space 1024K, 0% used [0x00000000ee600000,0x00000000ee600000,0x00000000ee700000)
 ParOldGen       total 307200K, used 228940K [0x00000000c0000000, 0x00000000d2c00000, 0x00000000eab00000)
  object space 307200K, 74% used [0x00000000c0000000,0x00000000cdf930d8,0x00000000d2c00000)
 Metaspace       used 77795K, committed 78976K, reserved 1122304K
  class space    used 8108K, committed 8576K, reserved 1048576K
}
Event: 637.268 GC heap before
{Heap before GC invocations=109 (full 8):
 PSYoungGen      total 50176K, used 50136K [0x00000000eab00000, 0x00000000ee700000, 0x0000000100000000)
  eden space 48640K, 100% used [0x00000000eab00000,0x00000000eda80000,0x00000000eda80000)
  from space 1536K, 97% used [0x00000000ee480000,0x00000000ee5f6010,0x00000000ee600000)
  to   space 1024K, 0% used [0x00000000ee600000,0x00000000ee600000,0x00000000ee700000)
 ParOldGen       total 307200K, used 228940K [0x00000000c0000000, 0x00000000d2c00000, 0x00000000eab00000)
  object space 307200K, 74% used [0x00000000c0000000,0x00000000cdf930d8,0x00000000d2c00000)
 Metaspace       used 77866K, committed 79040K, reserved 1122304K
  class space    used 8108K, committed 8576K, reserved 1048576K
}
Event: 637.273 GC heap after
{Heap after GC invocations=109 (full 8):
 PSYoungGen      total 49152K, used 1000K [0x00000000eab00000, 0x00000000ee900000, 0x0000000100000000)
  eden space 48128K, 0% used [0x00000000eab00000,0x00000000eab00000,0x00000000eda00000)
  from space 1024K, 97% used [0x00000000ee600000,0x00000000ee6fa000,0x00000000ee700000)
  to   space 7680K, 0% used [0x00000000eda00000,0x00000000eda00000,0x00000000ee180000)
 ParOldGen       total 307200K, used 234497K [0x00000000c0000000, 0x00000000d2c00000, 0x00000000eab00000)
  object space 307200K, 76% used [0x00000000c0000000,0x00000000ce500458,0x00000000d2c00000)
 Metaspace       used 77866K, committed 79040K, reserved 1122304K
  class space    used 8108K, committed 8576K, reserved 1048576K
}
Event: 642.519 GC heap before
{Heap before GC invocations=110 (full 8):
 PSYoungGen      total 49152K, used 49128K [0x00000000eab00000, 0x00000000ee900000, 0x0000000100000000)
  eden space 48128K, 100% used [0x00000000eab00000,0x00000000eda00000,0x00000000eda00000)
  from space 1024K, 97% used [0x00000000ee600000,0x00000000ee6fa000,0x00000000ee700000)
  to   space 7680K, 0% used [0x00000000eda00000,0x00000000eda00000,0x00000000ee180000)
 ParOldGen       total 307200K, used 234497K [0x00000000c0000000, 0x00000000d2c00000, 0x00000000eab00000)
  object space 307200K, 76% used [0x00000000c0000000,0x00000000ce500458,0x00000000d2c00000)
 Metaspace       used 77877K, committed 79040K, reserved 1122304K
  class space    used 8108K, committed 8576K, reserved 1048576K
}
Event: 642.523 GC heap after
{Heap after GC invocations=110 (full 8):
 PSYoungGen      total 55296K, used 3880K [0x00000000eab00000, 0x00000000ee680000, 0x0000000100000000)
  eden space 47616K, 0% used [0x00000000eab00000,0x00000000eab00000,0x00000000ed980000)
  from space 7680K, 50% used [0x00000000eda00000,0x00000000eddca000,0x00000000ee180000)
  to   space 5120K, 0% used [0x00000000ee180000,0x00000000ee180000,0x00000000ee680000)
 ParOldGen       total 307200K, used 234537K [0x00000000c0000000, 0x00000000d2c00000, 0x00000000eab00000)
  object space 307200K, 76% used [0x00000000c0000000,0x00000000ce50a458,0x00000000d2c00000)
 Metaspace       used 77877K, committed 79040K, reserved 1122304K
  class space    used 8108K, committed 8576K, reserved 1048576K
}
Event: 646.604 GC heap before
{Heap before GC invocations=111 (full 8):
 PSYoungGen      total 55296K, used 51496K [0x00000000eab00000, 0x00000000ee680000, 0x0000000100000000)
  eden space 47616K, 100% used [0x00000000eab00000,0x00000000ed980000,0x00000000ed980000)
  from space 7680K, 50% used [0x00000000eda00000,0x00000000eddca000,0x00000000ee180000)
  to   space 5120K, 0% used [0x00000000ee180000,0x00000000ee180000,0x00000000ee680000)
 ParOldGen       total 307200K, used 234537K [0x00000000c0000000, 0x00000000d2c00000, 0x00000000eab00000)
  object space 307200K, 76% used [0x00000000c0000000,0x00000000ce50a458,0x00000000d2c00000)
 Metaspace       used 77946K, committed 79104K, reserved 1122304K
  class space    used 8109K, committed 8576K, reserved 1048576K
}
Event: 646.608 GC heap after
{Heap after GC invocations=111 (full 8):
 PSYoungGen      total 51200K, used 3624K [0x00000000eab00000, 0x00000000ee580000, 0x0000000100000000)
  eden space 47104K, 0% used [0x00000000eab00000,0x00000000eab00000,0x00000000ed900000)
  from space 4096K, 88% used [0x00000000ee180000,0x00000000ee50a000,0x00000000ee580000)
  to   space 4096K, 0% used [0x00000000edd80000,0x00000000edd80000,0x00000000ee180000)
 ParOldGen       total 307200K, used 234545K [0x00000000c0000000, 0x00000000d2c00000, 0x00000000eab00000)
  object space 307200K, 76% used [0x00000000c0000000,0x00000000ce50c458,0x00000000d2c00000)
 Metaspace       used 77946K, committed 79104K, reserved 1122304K
  class space    used 8109K, committed 8576K, reserved 1048576K
}

Dll operation events (10 events):
Event: 0.077 Loaded shared library c:\Users\filip\.vscode\extensions\redhat.java-1.13.0-win32-x64\jre\17.0.5-win32-x86_64\bin\java.dll
Event: 0.203 Loaded shared library c:\Users\filip\.vscode\extensions\redhat.java-1.13.0-win32-x64\jre\17.0.5-win32-x86_64\bin\zip.dll
Event: 0.205 Loaded shared library C:\Users\filip\.vscode\extensions\redhat.java-1.13.0-win32-x64\jre\17.0.5-win32-x86_64\bin\instrument.dll
Event: 0.232 Loaded shared library C:\Users\filip\.vscode\extensions\redhat.java-1.13.0-win32-x64\jre\17.0.5-win32-x86_64\bin\net.dll
Event: 0.250 Loaded shared library C:\Users\filip\.vscode\extensions\redhat.java-1.13.0-win32-x64\jre\17.0.5-win32-x86_64\bin\nio.dll
Event: 0.256 Loaded shared library C:\Users\filip\.vscode\extensions\redhat.java-1.13.0-win32-x64\jre\17.0.5-win32-x86_64\bin\zip.dll
Event: 0.267 Loaded shared library C:\Users\filip\.vscode\extensions\redhat.java-1.13.0-win32-x64\jre\17.0.5-win32-x86_64\bin\jimage.dll
Event: 0.322 Loaded shared library c:\Users\filip\.vscode\extensions\redhat.java-1.13.0-win32-x64\jre\17.0.5-win32-x86_64\bin\verify.dll
Event: 2.892 Loaded shared library C:\Users\filip\AppData\Roaming\Code\User\globalStorage\redhat.java\1.13.0\config_win\org.eclipse.equinox.launcher\org.eclipse.equinox.launcher.win32.win32.x86_64_1.2.600.v20220720-1916\eclipse_11700.dll
Event: 5.702 Loaded shared library C:\Users\filip\AppData\Local\Temp\jna-97434352\jna2899580760444006025.dll

Deoptimization events (20 events):
Event: 643.637 Thread 0x000002a92f5b64f0 Uncommon trap: trap_request=0xffffff45 fr.pc=0x000002a9202c0b2c relative=0x00000000000001ec
Event: 643.637 Thread 0x000002a92f5b64f0 Uncommon trap: reason=unstable_if action=reinterpret pc=0x000002a9202c0b2c method=org.eclipse.jdt.internal.core.util.PublicScanner.translateTokenToTerminalSymbol(I)I @ 1 c2
Event: 643.637 Thread 0x000002a92f5b64f0 DEOPT PACKING pc=0x000002a9202c0b2c sp=0x000000dbaf1fec00
Event: 643.637 Thread 0x000002a92f5b64f0 DEOPT UNPACKING pc=0x000002a917da20a3 sp=0x000000dbaf1feb90 mode 2
Event: 644.385 Thread 0x000002a92f5bbb90 Uncommon trap: trap_request=0xffffffde fr.pc=0x000002a9200d8728 relative=0x0000000000000188
Event: 644.385 Thread 0x000002a92f5bbb90 Uncommon trap: reason=class_check action=maybe_recompile pc=0x000002a9200d8728 method=java.util.stream.ReferencePipeline$Head.forEach(Ljava/util/function/Consumer;)V @ 12 c2
Event: 644.385 Thread 0x000002a92f5bbb90 DEOPT PACKING pc=0x000002a9200d8728 sp=0x000000dbb12fe8c0
Event: 644.385 Thread 0x000002a92f5bbb90 DEOPT UNPACKING pc=0x000002a917da20a3 sp=0x000000dbb12fe868 mode 2
Event: 644.387 Thread 0x000002a931433090 Uncommon trap: trap_request=0xffffffc6 fr.pc=0x000002a91ff8f6ec relative=0x000000000000004c
Event: 644.387 Thread 0x000002a931433090 Uncommon trap: reason=bimorphic_or_optimized_type_check action=maybe_recompile pc=0x000002a91ff8f6ec method=java.util.stream.Nodes.flatten(Ljava/util/stream/Node;Ljava/util/function/IntFunction;)Ljava/util/stream/Node; @ 1 c2
Event: 644.387 Thread 0x000002a931433090 DEOPT PACKING pc=0x000002a91ff8f6ec sp=0x000000dbb24fef70
Event: 644.387 Thread 0x000002a931433090 DEOPT UNPACKING pc=0x000002a917da20a3 sp=0x000000dbb24feef8 mode 2
Event: 644.885 Thread 0x000002a931436580 Uncommon trap: trap_request=0xffffffd6 fr.pc=0x000002a920308ccc relative=0x000000000000124c
Event: 644.885 Thread 0x000002a931436580 Uncommon trap: reason=array_check action=maybe_recompile pc=0x000002a920308ccc method=java.util.TimSort.mergeLo(IIII)V @ 245 c2
Event: 644.885 Thread 0x000002a931436580 DEOPT PACKING pc=0x000002a920308ccc sp=0x000000dbb24feae0
Event: 644.885 Thread 0x000002a931436580 DEOPT UNPACKING pc=0x000002a917da20a3 sp=0x000000dbb24feab0 mode 2
Event: 645.282 Thread 0x000002a92f5b64f0 Uncommon trap: trap_request=0xffffffd6 fr.pc=0x000002a920308ccc relative=0x000000000000124c
Event: 645.282 Thread 0x000002a92f5b64f0 Uncommon trap: reason=array_check action=maybe_recompile pc=0x000002a920308ccc method=java.util.TimSort.mergeLo(IIII)V @ 245 c2
Event: 645.282 Thread 0x000002a92f5b64f0 DEOPT PACKING pc=0x000002a920308ccc sp=0x000000dbaf1fd9b0
Event: 645.282 Thread 0x000002a92f5b64f0 DEOPT UNPACKING pc=0x000002a917da20a3 sp=0x000000dbaf1fd980 mode 2

Classes unloaded (7 events):
Event: 3.470 Thread 0x000002a92aa71fd0 Unloading class 0x0000000100216400 'java/lang/invoke/LambdaForm$MH+0x0000000100216400'
Event: 3.470 Thread 0x000002a92aa71fd0 Unloading class 0x0000000100216000 'java/lang/invoke/LambdaForm$MH+0x0000000100216000'
Event: 3.470 Thread 0x000002a92aa71fd0 Unloading class 0x0000000100215c00 'java/lang/invoke/LambdaForm$MH+0x0000000100215c00'
Event: 3.470 Thread 0x000002a92aa71fd0 Unloading class 0x0000000100215800 'java/lang/invoke/LambdaForm$MH+0x0000000100215800'
Event: 3.470 Thread 0x000002a92aa71fd0 Unloading class 0x0000000100215000 'java/lang/invoke/LambdaForm$BMH+0x0000000100215000'
Event: 3.470 Thread 0x000002a92aa71fd0 Unloading class 0x0000000100214c00 'java/lang/invoke/LambdaForm$DMH+0x0000000100214c00'
Event: 3.470 Thread 0x000002a92aa71fd0 Unloading class 0x0000000100212000 'java/lang/invoke/LambdaForm$DMH+0x0000000100212000'

Classes redefined (0 events):
No events

Internal exceptions (20 events):
Event: 624.087 Thread 0x000002a92da7e020 Exception <a 'sun/nio/fs/WindowsException'{0x00000000ec8baae8}> (0x00000000ec8baae8) 
thrown [s\src\hotspot\share\prims\jni.cpp, line 516]
Event: 637.258 Thread 0x000002a92da7e020 Exception <a 'sun/nio/fs/WindowsException'{0x00000000ecadf9b8}> (0x00000000ecadf9b8) 
thrown [s\src\hotspot\share\prims\jni.cpp, line 516]
Event: 637.339 Thread 0x000002a92da7e020 Exception <a 'sun/nio/fs/WindowsException'{0x00000000eb3e2da8}> (0x00000000eb3e2da8) 
thrown [s\src\hotspot\share\prims\jni.cpp, line 516]
Event: 641.561 Thread 0x000002a92da7e020 Exception <a 'sun/nio/fs/WindowsException'{0x00000000eb410c88}> (0x00000000eb410c88) 
thrown [s\src\hotspot\share\prims\jni.cpp, line 516]
Event: 641.634 Thread 0x000002a92da7e020 Exception <a 'sun/nio/fs/WindowsException'{0x00000000ece72878}> (0x00000000ece72878) 
thrown [s\src\hotspot\share\prims\jni.cpp, line 516]
Event: 642.505 Thread 0x000002a9314390d0 Exception <a 'java/lang/ArrayIndexOutOfBoundsException'{0x00000000ed471600}> (0x00000000ed471600) 
thrown [s\src\hotspot\share\runtime\sharedRuntime.cpp, line 628]
Event: 642.505 Thread 0x000002a9314390d0 Exception <a 'java/lang/ArrayIndexOutOfBoundsException'{0x00000000ed471a40}> (0x00000000ed471a40) 
thrown [s\src\hotspot\share\runtime\sharedRuntime.cpp, line 628]
Event: 642.506 Thread 0x000002a9314390d0 Exception <a 'java/lang/ArrayIndexOutOfBoundsException'{0x00000000ed471dc0}> (0x00000000ed471dc0) 
thrown [s\src\hotspot\share\runtime\sharedRuntime.cpp, line 628]
Event: 642.507 Thread 0x000002a9314390d0 Exception <a 'java/lang/ArrayIndexOutOfBoundsException'{0x00000000ed4d0898}> (0x00000000ed4d0898) 
thrown [s\src\hotspot\share\runtime\sharedRuntime.cpp, line 628]
Event: 642.507 Thread 0x000002a9314390d0 Exception <a 'java/lang/ArrayIndexOutOfBoundsException'{0x00000000ed4d1f38}> (0x00000000ed4d1f38) 
thrown [s\src\hotspot\share\runtime\sharedRuntime.cpp, line 628]
Event: 642.507 Thread 0x000002a9314390d0 Exception <a 'java/lang/ArrayIndexOutOfBoundsException'{0x00000000ed4d25c0}> (0x00000000ed4d25c0) 
thrown [s\src\hotspot\share\runtime\sharedRuntime.cpp, line 628]
Event: 642.891 Thread 0x000002a9314390d0 Implicit null exception at 0x000002a91ff2292d to 0x000002a91ff24fa8
Event: 644.567 Thread 0x000002a92da7e020 Exception <a 'sun/nio/fs/WindowsException'{0x00000000ebdf8508}> (0x00000000ebdf8508) 
thrown [s\src\hotspot\share\prims\jni.cpp, line 516]
Event: 644.640 Thread 0x000002a92da7e020 Exception <a 'sun/nio/fs/WindowsException'{0x00000000ecb95d20}> (0x00000000ecb95d20) 
thrown [s\src\hotspot\share\prims\jni.cpp, line 516]
Event: 646.560 Thread 0x000002a9314390d0 Exception <a 'java/lang/ArrayIndexOutOfBoundsException'{0x00000000ed885078}> (0x00000000ed885078) 
thrown [s\src\hotspot\share\runtime\sharedRuntime.cpp, line 628]
Event: 646.560 Thread 0x000002a9314390d0 Exception <a 'java/lang/ArrayIndexOutOfBoundsException'{0x00000000ed8854b8}> (0x00000000ed8854b8) 
thrown [s\src\hotspot\share\runtime\sharedRuntime.cpp, line 628]
Event: 646.560 Thread 0x000002a9314390d0 Exception <a 'java/lang/ArrayIndexOutOfBoundsException'{0x00000000ed885838}> (0x00000000ed885838) 
thrown [s\src\hotspot\share\runtime\sharedRuntime.cpp, line 628]
Event: 646.561 Thread 0x000002a9314390d0 Exception <a 'java/lang/ArrayIndexOutOfBoundsException'{0x00000000ed8e42e8}> (0x00000000ed8e42e8) 
thrown [s\src\hotspot\share\runtime\sharedRuntime.cpp, line 628]
Event: 646.561 Thread 0x000002a9314390d0 Exception <a 'java/lang/ArrayIndexOutOfBoundsException'{0x00000000ed8e5988}> (0x00000000ed8e5988) 
thrown [s\src\hotspot\share\runtime\sharedRuntime.cpp, line 628]
Event: 646.561 Thread 0x000002a9314390d0 Exception <a 'java/lang/ArrayIndexOutOfBoundsException'{0x00000000ed8e6010}> (0x00000000ed8e6010) 
thrown [s\src\hotspot\share\runtime\sharedRuntime.cpp, line 628]

VM Operations (20 events):
Event: 626.137 Executing VM operation: Cleanup
Event: 626.137 Executing VM operation: Cleanup done
Event: 637.139 Executing VM operation: Cleanup
Event: 637.139 Executing VM operation: Cleanup done
Event: 637.268 Executing VM operation: ParallelGCFailedAllocation
Event: 637.273 Executing VM operation: ParallelGCFailedAllocation done
Event: 639.273 Executing VM operation: Cleanup
Event: 639.273 Executing VM operation: Cleanup done
Event: 641.273 Executing VM operation: Cleanup
Event: 641.273 Executing VM operation: Cleanup done
Event: 642.519 Executing VM operation: ParallelGCFailedAllocation
Event: 642.523 Executing VM operation: ParallelGCFailedAllocation done
Event: 643.525 Executing VM operation: Cleanup
Event: 643.525 Executing VM operation: Cleanup done
Event: 645.525 Executing VM operation: Cleanup
Event: 645.525 Executing VM operation: Cleanup done
Event: 646.525 Executing VM operation: Cleanup
Event: 646.526 Executing VM operation: Cleanup done
Event: 646.604 Executing VM operation: ParallelGCFailedAllocation
Event: 646.608 Executing VM operation: ParallelGCFailedAllocation done

Events (20 events):
Event: 618.275 Thread 0x000002a931436580 Thread exited: 0x000002a931436580
Event: 620.536 Thread 0x000002a931432bc0 Thread added: 0x000002a931432bc0
Event: 620.538 Thread 0x000002a931432bc0 Thread exited: 0x000002a931432bc0
Event: 624.932 Thread 0x000002a931436580 Thread added: 0x000002a931436580
Event: 624.934 Thread 0x000002a931436580 Thread exited: 0x000002a931436580
Event: 637.475 Thread 0x000002a931433090 Thread added: 0x000002a931433090
Event: 637.477 Thread 0x000002a931433090 Thread exited: 0x000002a931433090
Event: 641.664 Thread 0x000002a931433090 Thread added: 0x000002a931433090
Event: 641.666 Thread 0x000002a931433090 Thread exited: 0x000002a931433090
Event: 642.533 Thread 0x000002a932a28c80 Thread added: 0x000002a932a28c80
Event: 642.676 Thread 0x000002a932a28c80 Thread exited: 0x000002a932a28c80
Event: 644.387 Thread 0x000002a931433090 Thread added: 0x000002a931433090
Event: 644.387 Thread 0x000002a931436580 Thread added: 0x000002a931436580
Event: 644.387 Thread 0x000002a931436a50 Thread added: 0x000002a931436a50
Event: 644.387 Thread 0x000002a931433090 Thread exited: 0x000002a931433090
Event: 644.387 Thread 0x000002a931436580 Thread exited: 0x000002a931436580
Event: 644.387 Thread 0x000002a931436a50 Thread exited: 0x000002a931436a50
Event: 644.882 Thread 0x000002a931436580 Thread added: 0x000002a931436580
Event: 644.885 Thread 0x000002a931436580 Thread exited: 0x000002a931436580
Event: 646.680 Thread 0x000002a932a2e290 Thread added: 0x000002a932a2e290


Dynamic libraries:
0x00007ff6dcbf0000 - 0x00007ff6dcbfe000 	c:\Users\filip\.vscode\extensions\redhat.java-1.13.0-win32-x64\jre\17.0.5-win32-x86_64\bin\java.exe
0x00007ff9ffe70000 - 0x00007ffa00068000 	C:\Windows\SYSTEM32\ntdll.dll
0x00007ff9fece0000 - 0x00007ff9fed9f000 	C:\Windows\System32\KERNEL32.DLL
0x00007ff9fd560000 - 0x00007ff9fd832000 	C:\Windows\System32\KERNELBASE.dll
0x00007ff9fd840000 - 0x00007ff9fd940000 	C:\Windows\System32\ucrtbase.dll
0x00007ff9f58c0000 - 0x00007ff9f58d7000 	c:\Users\filip\.vscode\extensions\redhat.java-1.13.0-win32-x64\jre\17.0.5-win32-x86_64\bin\jli.dll
0x00007ff9eff80000 - 0x00007ff9eff99000 	c:\Users\filip\.vscode\extensions\redhat.java-1.13.0-win32-x64\jre\17.0.5-win32-x86_64\bin\VCRUNTIME140.dll
0x00007ff9fe320000 - 0x00007ff9fe4c1000 	C:\Windows\System32\USER32.dll
0x00007ff9fd940000 - 0x00007ff9fd962000 	C:\Windows\System32\win32u.dll
0x00007ff9fc8c0000 - 0x00007ff9fcb5a000 	C:\Windows\WinSxS\amd64_microsoft.windows.common-controls_6595b64144ccf1df_6.0.19041.1110_none_60b5254171f9507e\COMCTL32.dll
0x00007ff9ffe00000 - 0x00007ff9ffe2b000 	C:\Windows\System32\GDI32.dll
0x00007ff9fdda0000 - 0x00007ff9fdeaf000 	C:\Windows\System32\gdi32full.dll
0x00007ff9ff070000 - 0x00007ff9ff10e000 	C:\Windows\System32\msvcrt.dll
0x00007ff9fdd00000 - 0x00007ff9fdd9d000 	C:\Windows\System32\msvcp_win.dll
0x00007ff9fec90000 - 0x00007ff9fecc2000 	C:\Windows\System32\IMM32.DLL
0x00007ff9f96b0000 - 0x00007ff9f96bc000 	c:\Users\filip\.vscode\extensions\redhat.java-1.13.0-win32-x64\jre\17.0.5-win32-x86_64\bin\vcruntime140_1.dll
0x00007ff9d6540000 - 0x00007ff9d65d1000 	c:\Users\filip\.vscode\extensions\redhat.java-1.13.0-win32-x64\jre\17.0.5-win32-x86_64\bin\msvcp140.dll
0x00007ff9c52e0000 - 0x00007ff9c5f24000 	c:\Users\filip\.vscode\extensions\redhat.java-1.13.0-win32-x64\jre\17.0.5-win32-x86_64\bin\server\jvm.dll
0x00007ff9ffce0000 - 0x00007ff9ffd8e000 	C:\Windows\System32\ADVAPI32.dll
0x00007ff9fe8b0000 - 0x00007ff9fe94c000 	C:\Windows\System32\sechost.dll
0x00007ff9fee00000 - 0x00007ff9fef25000 	C:\Windows\System32\RPCRT4.dll
0x00007ff9f74d0000 - 0x00007ff9f74f7000 	C:\Windows\SYSTEM32\WINMM.dll
0x00007ff9fa820000 - 0x00007ff9fa82a000 	C:\Windows\SYSTEM32\VERSION.dll
0x00007ff9f8500000 - 0x00007ff9f8509000 	C:\Windows\SYSTEM32\WSOCK32.dll
0x00007ff9ffd90000 - 0x00007ff9ffdfb000 	C:\Windows\System32\WS2_32.dll
0x00007ff9fa620000 - 0x00007ff9fa632000 	C:\Windows\SYSTEM32\kernel.appcore.dll
0x00007ff9f68a0000 - 0x00007ff9f68aa000 	c:\Users\filip\.vscode\extensions\redhat.java-1.13.0-win32-x64\jre\17.0.5-win32-x86_64\bin\jimage.dll
0x00007ff9fcf10000 - 0x00007ff9fd0f4000 	C:\Windows\SYSTEM32\DBGHELP.DLL
0x00007ff9fcd10000 - 0x00007ff9fcd45000 	C:\Windows\SYSTEM32\dbgcore.DLL
0x00007ff9fdbd0000 - 0x00007ff9fdc52000 	C:\Windows\System32\bcryptPrimitives.dll
0x00007ff9f5a20000 - 0x00007ff9f5a2e000 	c:\Users\filip\.vscode\extensions\redhat.java-1.13.0-win32-x64\jre\17.0.5-win32-x86_64\bin\instrument.dll
0x00007ff9efc70000 - 0x00007ff9efc95000 	c:\Users\filip\.vscode\extensions\redhat.java-1.13.0-win32-x64\jre\17.0.5-win32-x86_64\bin\java.dll
0x00007ff9eff60000 - 0x00007ff9eff78000 	c:\Users\filip\.vscode\extensions\redhat.java-1.13.0-win32-x64\jre\17.0.5-win32-x86_64\bin\zip.dll
0x00007ff9ff390000 - 0x00007ff9ffad4000 	C:\Windows\System32\SHELL32.dll
0x00007ff9fa840000 - 0x00007ff9fafd2000 	C:\Windows\SYSTEM32\windows.storage.dll
0x00007ff9fe550000 - 0x00007ff9fe8a5000 	C:\Windows\System32\combase.dll
0x00007ff9fcb60000 - 0x00007ff9fcb90000 	C:\Windows\SYSTEM32\Wldp.dll
0x00007ff9febe0000 - 0x00007ff9fec8d000 	C:\Windows\System32\SHCORE.dll
0x00007ff9ff120000 - 0x00007ff9ff175000 	C:\Windows\System32\shlwapi.dll
0x00007ff9fd4a0000 - 0x00007ff9fd4bf000 	C:\Windows\SYSTEM32\profapi.dll
0x00007ff9efc50000 - 0x00007ff9efc69000 	C:\Users\filip\.vscode\extensions\redhat.java-1.13.0-win32-x64\jre\17.0.5-win32-x86_64\bin\net.dll
0x00007ff9f1c20000 - 0x00007ff9f1d2c000 	C:\Windows\SYSTEM32\WINHTTP.dll
0x00007ff9fc640000 - 0x00007ff9fc6aa000 	C:\Windows\system32\mswsock.dll
0x00007ff9efbd0000 - 0x00007ff9efbe5000 	C:\Users\filip\.vscode\extensions\redhat.java-1.13.0-win32-x64\jre\17.0.5-win32-x86_64\bin\nio.dll
0x00007ff9f06e0000 - 0x00007ff9f06f0000 	c:\Users\filip\.vscode\extensions\redhat.java-1.13.0-win32-x64\jre\17.0.5-win32-x86_64\bin\verify.dll
0x00007ff9eec00000 - 0x00007ff9eec3e000 	C:\Users\filip\AppData\Roaming\Code\User\globalStorage\redhat.java\1.13.0\config_win\org.eclipse.equinox.launcher\org.eclipse.equinox.launcher.win32.win32.x86_64_1.2.600.v20220720-1916\eclipse_11700.dll
0x00007ff9fef30000 - 0x00007ff9ff05a000 	C:\Windows\System32\ole32.dll
0x00007ff9fd2f0000 - 0x00007ff9fd308000 	C:\Windows\SYSTEM32\CRYPTSP.dll
0x00007ff9fbfa0000 - 0x00007ff9fbfd4000 	C:\Windows\system32\rsaenh.dll
0x00007ff9fdc60000 - 0x00007ff9fdc87000 	C:\Windows\System32\bcrypt.dll
0x00007ff9fd460000 - 0x00007ff9fd48e000 	C:\Windows\SYSTEM32\USERENV.dll
0x00007ff9fc830000 - 0x00007ff9fc83c000 	C:\Windows\SYSTEM32\CRYPTBASE.dll
0x00007ff9fc330000 - 0x00007ff9fc36b000 	C:\Windows\SYSTEM32\IPHLPAPI.DLL
0x00007ff9ff110000 - 0x00007ff9ff118000 	C:\Windows\System32\NSI.dll
0x00007ff9f3ca0000 - 0x00007ff9f3cb7000 	C:\Windows\SYSTEM32\dhcpcsvc6.DLL
0x00007ff9f3c80000 - 0x00007ff9f3c9d000 	C:\Windows\SYSTEM32\dhcpcsvc.DLL
0x00007ff9fc370000 - 0x00007ff9fc43a000 	C:\Windows\SYSTEM32\DNSAPI.dll
0x00007ff9ed950000 - 0x00007ff9ed990000 	C:\Users\filip\AppData\Local\Temp\jna-97434352\jna2899580760444006025.dll
0x00007ff9ff060000 - 0x00007ff9ff068000 	C:\Windows\System32\PSAPI.DLL

dbghelp: loaded successfully - version: 4.0.5 - missing functions: none
symbol engine: initialized successfully - sym options: 0x614 - pdb path: .;c:\Users\filip\.vscode\extensions\redhat.java-1.13.0-win32-x64\jre\17.0.5-win32-x86_64\bin;C:\Windows\SYSTEM32;C:\Windows\WinSxS\amd64_microsoft.windows.common-controls_6595b64144ccf1df_6.0.19041.1110_none_60b5254171f9507e;c:\Users\filip\.vscode\extensions\redhat.java-1.13.0-win32-x64\jre\17.0.5-win32-x86_64\bin\server;C:\Users\filip\AppData\Roaming\Code\User\globalStorage\redhat.java\1.13.0\config_win\org.eclipse.equinox.launcher\org.eclipse.equinox.launcher.win32.win32.x86_64_1.2.600.v20220720-1916;C:\Users\filip\AppData\Local\Temp\jna-97434352

VM Arguments:
jvm_args: --add-modules=ALL-SYSTEM --add-opens=java.base/java.util=ALL-UNNAMED --add-opens=java.base/java.lang=ALL-UNNAMED --add-opens=java.base/sun.nio.fs=ALL-UNNAMED -Declipse.application=org.eclipse.jdt.ls.core.id1 -Dosgi.bundles.defaultStartLevel=4 -Declipse.product=org.eclipse.jdt.ls.core.product -Djava.import.generatesMetadataFilesAtProjectRoot=false -Dfile.encoding=utf8 -XX:+UseParallelGC -XX:GCTimeRatio=4 -XX:AdaptiveSizePolicyWeight=90 -Dsun.zip.disableMemoryMapping=true -Xmx1G -Xms100m -Xlog:disable -javaagent:c:\Users\filip\.vscode\extensions\redhat.java-1.13.0-win32-x64\lombok\lombok-1.18.24.jar -XX:+HeapDumpOnOutOfMemoryError -XX:HeapDumpPath=c:\Users\filip\AppData\Roaming\Code\User\workspaceStorage\46f86459f645c8efa96c7ae35fc631e3\redhat.java 
java_command: c:\Users\filip\.vscode\extensions\redhat.java-1.13.0-win32-x64\server\plugins\org.eclipse.equinox.launcher_1.6.400.v20210924-0641.jar -configuration c:\Users\filip\AppData\Roaming\Code\User\globalStorage\redhat.java\1.13.0\config_win -data c:\Users\filip\AppData\Roaming\Code\User\workspaceStorage\46f86459f645c8efa96c7ae35fc631e3\redhat.java\jdt_ws
java_class_path (initial): c:\Users\filip\.vscode\extensions\redhat.java-1.13.0-win32-x64\server\plugins\org.eclipse.equinox.launcher_1.6.400.v20210924-0641.jar
Launcher Type: SUN_STANDARD

[Global flags]
    uintx AdaptiveSizePolicyWeight                 = 90                                        {product} {command line}
     intx CICompilerCount                          = 4                                         {product} {ergonomic}
    uintx GCTimeRatio                              = 4                                         {product} {command line}
     bool HeapDumpOnOutOfMemoryError               = true                                   {manageable} {command line}
    ccstr HeapDumpPath                             = c:\Users\filip\AppData\Roaming\Code\User\workspaceStorage\46f86459f645c8efa96c7ae35fc631e3\redhat.java         {manageable} {command line}
   size_t InitialHeapSize                          = 104857600                                 {product} {command line}
   size_t MaxHeapSize                              = 1073741824                                {product} {command line}
   size_t MaxNewSize                               = 357564416                                 {product} {ergonomic}
   size_t MinHeapDeltaBytes                        = 524288                                    {product} {ergonomic}
   size_t MinHeapSize                              = 104857600                                 {product} {command line}
   size_t NewSize                                  = 34603008                                  {product} {ergonomic}
    uintx NonNMethodCodeHeapSize                   = 5839372                                {pd product} {ergonomic}
    uintx NonProfiledCodeHeapSize                  = 122909434                              {pd product} {ergonomic}
   size_t OldSize                                  = 70254592                                  {product} {ergonomic}
    uintx ProfiledCodeHeapSize                     = 122909434                              {pd product} {ergonomic}
    uintx ReservedCodeCacheSize                    = 251658240                              {pd product} {ergonomic}
     bool SegmentedCodeCache                       = true                                      {product} {ergonomic}
   size_t SoftMaxHeapSize                          = 1073741824                             {manageable} {ergonomic}
     bool UseCompressedClassPointers               = true                           {product lp64_product} {ergonomic}
     bool UseCompressedOops                        = true                           {product lp64_product} {ergonomic}
     bool UseLargePagesIndividualAllocation        = false                                  {pd product} {ergonomic}
     bool UseParallelGC                            = true                                      {product} {command line}

Logging:
Log output configuration:
 #0: stdout all=off uptime,level,tags
 #1: stderr all=off uptime,level,tags

Environment Variables:
JAVA_HOME=C:\Program Files\Java\jdk-19
PATH=C:\Python311\Scripts\;C:\Python311\;C:\Program Files\Common Files\Oracle\Java\javapath;C:\Program Files (x86)\Common Files\Oracle\Java\javapath;C:\Windows\system32;C:\Windows;C:\Windows\System32\Wbem;C:\Windows\System32\WindowsPowerShell\v1.0\;C:\Windows\System32\OpenSSH\;C:\Program Files\nodejs\;C:\ProgramData\chocolatey\bin;C:\Program Files\Git\cmd;C:\Program Files (x86)\Yarn\bin\;C:\Users\filip\AppData\Local\Microsoft\WindowsApps;C:\Users\filip\AppData\Local\Programs\Microsoft VS Code\bin;C:\Users\filip\AppData\Roaming\npm;C:\Users\filip\AppData\Local\Yarn\bin;C:\Users\filip\AppData\Local\Android\Sdk\emulator;C:\Users\filip\AppData\Local\Android\Sdk\tools;C:\Users\filip\AppData\Local\Android\Sdk\tools\bin;C:\Users\filip\AppData\Local\Android\Sdk\platform-tools;
USERNAME=filip
OS=Windows_NT
PROCESSOR_IDENTIFIER=AMD64 Family 23 Model 1 Stepping 1, AuthenticAMD
TMP=C:\Users\filip\AppData\Local\Temp
TEMP=C:\Users\filip\AppData\Local\Temp



---------------  S Y S T E M  ---------------

OS:
 Windows 10 , 64 bit Build 19041 (10.0.19041.2251)
OS uptime: 1 days 22:33 hours

CPU: total 12 (initial active 12) (12 cores per cpu, 2 threads per core) family 23 model 1 stepping 1 microcode 0x0, cx8, cmov, fxsr, ht, mmx, 3dnowpref, sse, sse2, sse3, ssse3, sse4a, sse4.1, sse4.2, popcnt, lzcnt, tsc, tscinvbit, avx, avx2, aes, clmul, bmi1, bmi2, adx, sha, fma, vzeroupper, clflush, clflushopt

Memory: 4k page, system-wide physical 8143M (3753M free)
TotalPageFile size 16335M (AvailPageFile size 11290M)
current process WorkingSet (physical memory assigned to process): 735M, peak: 832M
current process commit charge ("private bytes"): 642M, peak: 795M

vm_info: OpenJDK 64-Bit Server VM (17.0.5+8) for windows-amd64 JRE (17.0.5+8), built on Oct 19 2022 04:48:13 by "temurin" with MS VC++ 16.7 (VS2019)

END.
